<?xml version="1.0" encoding="UTF-8"?>
<testng-results ignored="0" total="1" passed="1" failed="0" skipped="0">
  <reporter-output>
  </reporter-output>
  <suite started-at="2024-12-07T12:12:58 IST" name="Surefire suite" finished-at="2024-12-07T12:13:17 IST" duration-ms="19327">
    <groups>
    </groups>
    <test started-at="2024-12-07T12:12:58 IST" name="Surefire test" finished-at="2024-12-07T12:13:17 IST" duration-ms="19327">
      <class name="driverFactory.AppTest">
        <test-method signature="startTest()[pri:0, instance:driverFactory.AppTest@3cc2931c]" started-at="2024-12-07T12:12:58 IST" name="startTest" finished-at="2024-12-07T12:13:17 IST" duration-ms="19227" status="PASS">
          <reporter-output>
          </reporter-output>
        </test-method> <!-- startTest -->
      </class> <!-- driverFactory.AppTest -->
    </test> <!-- Surefire test -->
  </suite> <!-- Surefire suite -->
</testng-results>
