<?xml version="1.0" encoding="UTF-8"?>
<testng-results ignored="0" total="1" passed="1" failed="0" skipped="0">
  <reporter-output>
  </reporter-output>
  <suite started-at="2024-12-07T11:43:56 IST" name="Default suite" finished-at="2024-12-07T11:44:11 IST" duration-ms="15512">
    <groups>
    </groups>
    <test started-at="2024-12-07T11:43:56 IST" name="Default test" finished-at="2024-12-07T11:44:11 IST" duration-ms="15512">
      <class name="driverFactory.AppTest">
        <test-method signature="startTest()[pri:0, instance:driverFactory.AppTest@689604d9]" started-at="2024-12-07T11:43:56 IST" name="startTest" finished-at="2024-12-07T11:44:11 IST" duration-ms="15451" status="PASS">
          <reporter-output>
          </reporter-output>
        </test-method> <!-- startTest -->
      </class> <!-- driverFactory.AppTest -->
    </test> <!-- Default test -->
  </suite> <!-- Default suite -->
</testng-results>
